2020-03-23 20:05:15,117 [Worker-5: Loading available Gradle versions] INFO  o.e.b.c.i.u.g.PublishedGradleVersions - Gradle version information cache is up-to-date. Trying to read.
2020-03-23 20:06:00,586 [Worker-5: Importing Maven projects] INFO  o.e.m.c.i.l.LifecycleMappingFactory - Using org.eclipse.m2e.jdt.JarLifecycleMapping lifecycle mapping for MavenProject: com.br.ms.communication:ms-communication-buytrip:1.0.0.-SNAPSHOT @ /home/danyllo/Documentos/apps/meus_projetos/microservices-spring-cloud/ms-communication-master/ms-communication-buytrip/pom.xml.
2020-03-23 20:06:01,723 [Worker-5: Importing Maven projects] INFO  o.e.m.c.i.l.LifecycleMappingFactory - Using org.eclipse.m2e.jdt.JarLifecycleMapping lifecycle mapping for MavenProject: com.br.ms.communication:ms-communication-bank:1.0.0.-SNAPSHOT @ /home/danyllo/Documentos/apps/meus_projetos/microservices-spring-cloud/ms-communication-master/ms-communication-bank/pom.xml.
2020-03-23 20:06:02,153 [Worker-5: Importing Maven projects] INFO  o.e.m.c.i.l.LifecycleMappingFactory - Using org.eclipse.m2e.jdt.JarLifecycleMapping lifecycle mapping for MavenProject: com.br.ms.communication:ms-communication-buyfeedback:1.0.0.-SNAPSHOT @ /home/danyllo/Documentos/apps/meus_projetos/microservices-spring-cloud/ms-communication-master/ms-communication-buyfeedback/pom.xml.
2020-03-23 20:06:02,537 [Worker-5: Importing Maven projects] INFO  o.e.m.c.i.l.LifecycleMappingFactory - Using org.eclipse.m2e.jdt.JarLifecycleMapping lifecycle mapping for MavenProject: com.br.ms.communication:ms-communication-buyprocess:1.0.0.-SNAPSHOT @ /home/danyllo/Documentos/apps/meus_projetos/microservices-spring-cloud/ms-communication-master/ms-communication-buyprocess/pom.xml.
2020-03-23 20:06:03,439 [Worker-5: Importing Maven projects] INFO  o.e.m.c.i.l.LifecycleMappingFactory - Using org.eclipse.m2e.jdt.JarLifecycleMapping lifecycle mapping for MavenProject: com.br.ms.communication:ms-communication-gateway:1.0.0.-SNAPSHOT @ /home/danyllo/Documentos/apps/meus_projetos/microservices-spring-cloud/ms-communication-master/ms-communication-gateway/pom.xml.
2020-03-23 20:06:07,450 [Worker-5: Importing Maven projects] INFO  o.e.m.j.i.AbstractJavaProjectConfigurator - Adding source folder /ms-communication-buyfeedback/src/main/java
2020-03-23 20:06:07,451 [Worker-5: Importing Maven projects] INFO  o.e.m.j.i.AbstractJavaProjectConfigurator - Adding resource folder /ms-communication-buyfeedback/src/main/resources
2020-03-23 20:06:07,451 [Worker-5: Importing Maven projects] INFO  o.e.m.j.i.AbstractJavaProjectConfigurator - Adding resource folder /ms-communication-buyfeedback/src/main/resources
2020-03-23 20:06:07,452 [Worker-5: Importing Maven projects] INFO  o.e.m.j.i.AbstractJavaProjectConfigurator - Adding source folder /ms-communication-buyfeedback/src/test/java
2020-03-23 20:06:07,601 [Worker-5: Importing Maven projects] INFO  o.e.m.j.i.AbstractJavaProjectConfigurator - Adding source folder /ms-communication-bank/src/main/java
2020-03-23 20:06:07,601 [Worker-5: Importing Maven projects] INFO  o.e.m.j.i.AbstractJavaProjectConfigurator - Adding resource folder /ms-communication-bank/src/main/resources
2020-03-23 20:06:07,601 [Worker-5: Importing Maven projects] INFO  o.e.m.j.i.AbstractJavaProjectConfigurator - Adding resource folder /ms-communication-bank/src/main/resources
2020-03-23 20:06:07,602 [Worker-5: Importing Maven projects] INFO  o.e.m.j.i.AbstractJavaProjectConfigurator - Adding source folder /ms-communication-bank/src/test/java
2020-03-23 20:06:07,665 [Worker-5: Importing Maven projects] INFO  o.e.m.j.i.AbstractJavaProjectConfigurator - Adding source folder /ms-communication-gateway/src/main/java
2020-03-23 20:06:07,665 [Worker-5: Importing Maven projects] INFO  o.e.m.j.i.AbstractJavaProjectConfigurator - Adding resource folder /ms-communication-gateway/src/main/resources
2020-03-23 20:06:07,666 [Worker-5: Importing Maven projects] INFO  o.e.m.j.i.AbstractJavaProjectConfigurator - Adding resource folder /ms-communication-gateway/src/main/resources
2020-03-23 20:06:07,666 [Worker-5: Importing Maven projects] INFO  o.e.m.j.i.AbstractJavaProjectConfigurator - Adding source folder /ms-communication-gateway/src/test/java
2020-03-23 20:06:07,744 [Worker-5: Importing Maven projects] INFO  o.e.m.j.i.AbstractJavaProjectConfigurator - Adding source folder /ms-communication-buytrip/src/main/java
2020-03-23 20:06:07,744 [Worker-5: Importing Maven projects] INFO  o.e.m.j.i.AbstractJavaProjectConfigurator - Adding resource folder /ms-communication-buytrip/src/main/resources
2020-03-23 20:06:07,744 [Worker-5: Importing Maven projects] INFO  o.e.m.j.i.AbstractJavaProjectConfigurator - Adding resource folder /ms-communication-buytrip/src/main/resources
2020-03-23 20:06:07,745 [Worker-5: Importing Maven projects] INFO  o.e.m.j.i.AbstractJavaProjectConfigurator - Adding source folder /ms-communication-buytrip/src/test/java
2020-03-23 20:06:07,805 [Worker-5: Importing Maven projects] INFO  o.e.m.j.i.AbstractJavaProjectConfigurator - Adding source folder /ms-communication-buyprocess/src/main/java
2020-03-23 20:06:07,806 [Worker-5: Importing Maven projects] INFO  o.e.m.j.i.AbstractJavaProjectConfigurator - Adding resource folder /ms-communication-buyprocess/src/main/resources
2020-03-23 20:06:07,806 [Worker-5: Importing Maven projects] INFO  o.e.m.j.i.AbstractJavaProjectConfigurator - Adding resource folder /ms-communication-buyprocess/src/main/resources
2020-03-23 20:06:07,806 [Worker-5: Importing Maven projects] INFO  o.e.m.j.i.AbstractJavaProjectConfigurator - Adding source folder /ms-communication-buyprocess/src/test/java
2020-03-23 20:06:08,077 [Worker-5: Importing Maven projects] INFO  o.e.m.c.i.p.ProjectConfigurationManager - Imported and configured 6 project(s) in 12 sec
2020-03-23 20:06:09,812 [Worker-1: Building] INFO  o.e.m.c.i.embedder.EclipseLogger - Using 'UTF-8' encoding to copy filtered resources.
2020-03-23 20:06:09,817 [Worker-1: Building] INFO  o.e.m.c.i.embedder.EclipseLogger - Copying 1 resource
2020-03-23 20:06:09,850 [Worker-1: Building] INFO  o.e.m.c.i.embedder.EclipseLogger - Copying 1 resource
2020-03-23 20:06:09,888 [Worker-1: Building] INFO  o.e.m.c.i.embedder.EclipseLogger - Using 'UTF-8' encoding to copy filtered resources.
2020-03-23 20:06:09,888 [Worker-1: Building] INFO  o.e.m.c.i.embedder.EclipseLogger - skip non existing resourceDirectory /home/danyllo/Documentos/apps/meus_projetos/microservices-spring-cloud/ms-communication-master/ms-communication-bank/src/test/resources
2020-03-23 20:06:10,798 [Worker-1: Building] INFO  o.e.m.c.i.embedder.EclipseLogger - Using 'UTF-8' encoding to copy filtered resources.
2020-03-23 20:06:10,799 [Worker-1: Building] INFO  o.e.m.c.i.embedder.EclipseLogger - Copying 1 resource
2020-03-23 20:06:10,800 [Worker-1: Building] INFO  o.e.m.c.i.embedder.EclipseLogger - Copying 0 resource
2020-03-23 20:06:10,802 [Worker-1: Building] INFO  o.e.m.c.i.embedder.EclipseLogger - Using 'UTF-8' encoding to copy filtered resources.
2020-03-23 20:06:10,803 [Worker-1: Building] INFO  o.e.m.c.i.embedder.EclipseLogger - skip non existing resourceDirectory /home/danyllo/Documentos/apps/meus_projetos/microservices-spring-cloud/ms-communication-master/ms-communication-buyfeedback/src/test/resources
2020-03-23 20:06:11,331 [Worker-1: Building] INFO  o.e.m.c.i.embedder.EclipseLogger - Using 'UTF-8' encoding to copy filtered resources.
2020-03-23 20:06:11,331 [Worker-1: Building] INFO  o.e.m.c.i.embedder.EclipseLogger - Copying 1 resource
2020-03-23 20:06:11,332 [Worker-1: Building] INFO  o.e.m.c.i.embedder.EclipseLogger - Copying 0 resource
2020-03-23 20:06:11,334 [Worker-1: Building] INFO  o.e.m.c.i.embedder.EclipseLogger - Using 'UTF-8' encoding to copy filtered resources.
2020-03-23 20:06:11,334 [Worker-1: Building] INFO  o.e.m.c.i.embedder.EclipseLogger - skip non existing resourceDirectory /home/danyllo/Documentos/apps/meus_projetos/microservices-spring-cloud/ms-communication-master/ms-communication-buyprocess/src/test/resources
2020-03-23 20:06:11,705 [Worker-1: Building] INFO  o.e.m.c.i.embedder.EclipseLogger - Using 'UTF-8' encoding to copy filtered resources.
2020-03-23 20:06:11,706 [Worker-1: Building] INFO  o.e.m.c.i.embedder.EclipseLogger - Copying 2 resources
2020-03-23 20:06:11,706 [Worker-1: Building] INFO  o.e.m.c.i.embedder.EclipseLogger - Copying 1 resource
2020-03-23 20:06:11,708 [Worker-1: Building] INFO  o.e.m.c.i.embedder.EclipseLogger - Using 'UTF-8' encoding to copy filtered resources.
2020-03-23 20:06:11,708 [Worker-1: Building] INFO  o.e.m.c.i.embedder.EclipseLogger - skip non existing resourceDirectory /home/danyllo/Documentos/apps/meus_projetos/microservices-spring-cloud/ms-communication-master/ms-communication-buytrip/src/test/resources
2020-03-23 20:06:11,997 [Worker-1: Building] INFO  o.e.m.c.i.embedder.EclipseLogger - Using 'UTF-8' encoding to copy filtered resources.
2020-03-23 20:06:11,997 [Worker-1: Building] INFO  o.e.m.c.i.embedder.EclipseLogger - Copying 2 resources
2020-03-23 20:06:11,999 [Worker-1: Building] INFO  o.e.m.c.i.embedder.EclipseLogger - Copying 0 resource
2020-03-23 20:06:12,001 [Worker-1: Building] INFO  o.e.m.c.i.embedder.EclipseLogger - Using 'UTF-8' encoding to copy filtered resources.
2020-03-23 20:06:12,001 [Worker-1: Building] INFO  o.e.m.c.i.embedder.EclipseLogger - skip non existing resourceDirectory /home/danyllo/Documentos/apps/meus_projetos/microservices-spring-cloud/ms-communication-master/ms-communication-gateway/src/test/resources
2020-03-23 20:53:59,384 [Worker-30: Building] INFO  o.e.m.c.i.embedder.EclipseLogger - Using 'UTF-8' encoding to copy filtered resources.
2020-03-23 20:53:59,387 [Worker-30: Building] INFO  o.e.m.c.i.embedder.EclipseLogger - Copying 1 resource
2020-03-23 20:53:59,388 [Worker-30: Building] INFO  o.e.m.c.i.embedder.EclipseLogger - Copying 0 resource
2020-03-23 20:53:59,391 [Worker-30: Building] INFO  o.e.m.c.i.embedder.EclipseLogger - Using 'UTF-8' encoding to copy filtered resources.
2020-03-23 20:53:59,391 [Worker-30: Building] INFO  o.e.m.c.i.embedder.EclipseLogger - skip non existing resourceDirectory /home/danyllo/Documentos/apps/meus_projetos/microservices-spring-cloud/ms-communication-master/ms-communication-buyprocess/src/test/resources
